
*** Running vivado
    with args -log uart_alu_top.vdi -applog -m64 -product Vivado -messageDb vivado.pb -mode batch -source uart_alu_top.tcl -notrace


****** Vivado v2023.1.1 (64-bit)
  **** SW Build 3900603 on Fri Jun 16 19:30:25 MDT 2023
  **** IP Build 3900379 on Sat Jun 17 05:28:05 MDT 2023
  **** SharedData Build 3899622 on Fri Jun 16 03:34:24 MDT 2023
    ** Copyright 1986-2022 Xilinx, Inc. All Rights Reserved.
    ** Copyright 2022-2023 Advanced Micro Devices, Inc. All Rights Reserved.

source uart_alu_top.tcl -notrace
create_project: Time (s): cpu = 00:00:06 ; elapsed = 00:00:06 . Memory (MB): peak = 1344.340 ; gain = 0.023 ; free physical = 1361 ; free virtual = 12356
Command: link_design -top uart_alu_top -part xc7a35tcpg236-3
Design is defaulting to srcset: sources_1
Design is defaulting to constrset: constrs_1
INFO: [Device 21-403] Loading part xc7a35tcpg236-3
Netlist sorting complete. Time (s): cpu = 00:00:00 ; elapsed = 00:00:00 . Memory (MB): peak = 1612.598 ; gain = 0.000 ; free physical = 1114 ; free virtual = 12109
INFO: [Netlist 29-17] Analyzing 16 Unisim elements for replacement
INFO: [Netlist 29-28] Unisim Transformation completed in 0 CPU seconds
INFO: [Project 1-479] Netlist was created with Vivado 2023.1.1
INFO: [Project 1-570] Preparing netlist for logic optimization
Parsing XDC File [/home/bruno/Documents/Facultad/5to_anio/Arquitectura_de_Computadoras/Trabajos_Practicos/Basys3_Proyects/UART/constraints/Basys-3-UART.xdc]
Finished Parsing XDC File [/home/bruno/Documents/Facultad/5to_anio/Arquitectura_de_Computadoras/Trabajos_Practicos/Basys3_Proyects/UART/constraints/Basys-3-UART.xdc]
INFO: [Opt 31-138] Pushed 0 inverter(s) to 0 load pin(s).
Netlist sorting complete. Time (s): cpu = 00:00:00 ; elapsed = 00:00:00 . Memory (MB): peak = 1741.078 ; gain = 0.000 ; free physical = 1009 ; free virtual = 12004
INFO: [Project 1-111] Unisim Transformation Summary:
  A total of 6 instances were transformed.
  RAM32M => RAM32M (RAMD32(x6), RAMS32(x2)): 2 instances
  RAM32X1D => RAM32X1D (RAMD32(x2)): 4 instances

7 Infos, 0 Warnings, 0 Critical Warnings and 0 Errors encountered.
link_design completed successfully
Command: opt_design
Attempting to get a license for feature 'Implementation' and/or device 'xc7a35t'
INFO: [Common 17-349] Got license for feature 'Implementation' and/or device 'xc7a35t'
Running DRC as a precondition to command opt_design

Starting DRC Task
INFO: [DRC 23-27] Running DRC with 4 threads
INFO: [Project 1-461] DRC finished with 0 Errors
INFO: [Project 1-462] Please refer to the DRC report (report_drc) for more information.

Time (s): cpu = 00:00:00.99 ; elapsed = 00:00:00.64 . Memory (MB): peak = 1798.844 ; gain = 57.766 ; free physical = 990 ; free virtual = 11985

Starting Cache Timing Information Task
INFO: [Timing 38-35] Done setting XDC timing constraints.
Ending Cache Timing Information Task | Checksum: 1014089d4

Time (s): cpu = 00:00:05 ; elapsed = 00:00:05 . Memory (MB): peak = 2293.664 ; gain = 494.820 ; free physical = 578 ; free virtual = 11573

Starting Logic Optimization Task

Phase 1 Retarget
INFO: [Opt 31-138] Pushed 0 inverter(s) to 0 load pin(s).
INFO: [Opt 31-49] Retargeted 0 cell(s).
Phase 1 Retarget | Checksum: b6a54436

Time (s): cpu = 00:00:00.02 ; elapsed = 00:00:00.06 . Memory (MB): peak = 2577.555 ; gain = 0.000 ; free physical = 287 ; free virtual = 11282
INFO: [Opt 31-389] Phase Retarget created 0 cells and removed 1 cells

Phase 2 Constant propagation
INFO: [Opt 31-138] Pushed 0 inverter(s) to 0 load pin(s).
Phase 2 Constant propagation | Checksum: b6a54436

Time (s): cpu = 00:00:00.02 ; elapsed = 00:00:00.08 . Memory (MB): peak = 2577.555 ; gain = 0.000 ; free physical = 287 ; free virtual = 11282
INFO: [Opt 31-389] Phase Constant propagation created 0 cells and removed 0 cells

Phase 3 Sweep
Phase 3 Sweep | Checksum: 17aa4cda3

Time (s): cpu = 00:00:00.02 ; elapsed = 00:00:00.08 . Memory (MB): peak = 2577.555 ; gain = 0.000 ; free physical = 287 ; free virtual = 11282
INFO: [Opt 31-389] Phase Sweep created 0 cells and removed 0 cells

Phase 4 BUFG optimization
Phase 4 BUFG optimization | Checksum: 17aa4cda3

Time (s): cpu = 00:00:00.04 ; elapsed = 00:00:00.1 . Memory (MB): peak = 2609.570 ; gain = 32.016 ; free physical = 287 ; free virtual = 11282
INFO: [Opt 31-662] Phase BUFG optimization created 0 cells of which 0 are BUFGs and removed 0 cells.

Phase 5 Shift Register Optimization
INFO: [Opt 31-1064] SRL Remap converted 0 SRLs to 0 registers and converted 0 registers of register chains to 0 SRLs
Phase 5 Shift Register Optimization | Checksum: 11fb22155

Time (s): cpu = 00:00:00.05 ; elapsed = 00:00:00.1 . Memory (MB): peak = 2609.570 ; gain = 32.016 ; free physical = 287 ; free virtual = 11282
INFO: [Opt 31-389] Phase Shift Register Optimization created 0 cells and removed 0 cells

Phase 6 Post Processing Netlist
Phase 6 Post Processing Netlist | Checksum: 11fb22155

Time (s): cpu = 00:00:00.05 ; elapsed = 00:00:00.1 . Memory (MB): peak = 2609.570 ; gain = 32.016 ; free physical = 287 ; free virtual = 11282
INFO: [Opt 31-389] Phase Post Processing Netlist created 0 cells and removed 0 cells
Opt_design Change Summary
=========================


-------------------------------------------------------------------------------------------------------------------------
|  Phase                        |  #Cells created  |  #Cells Removed  |  #Constrained objects preventing optimizations  |
-------------------------------------------------------------------------------------------------------------------------
|  Retarget                     |               0  |               1  |                                              0  |
|  Constant propagation         |               0  |               0  |                                              0  |
|  Sweep                        |               0  |               0  |                                              0  |
|  BUFG optimization            |               0  |               0  |                                              0  |
|  Shift Register Optimization  |               0  |               0  |                                              0  |
|  Post Processing Netlist      |               0  |               0  |                                              0  |
-------------------------------------------------------------------------------------------------------------------------



Starting Connectivity Check Task

Time (s): cpu = 00:00:00 ; elapsed = 00:00:00 . Memory (MB): peak = 2609.570 ; gain = 0.000 ; free physical = 287 ; free virtual = 11282
Ending Logic Optimization Task | Checksum: 11fb22155

Time (s): cpu = 00:00:00.05 ; elapsed = 00:00:00.11 . Memory (MB): peak = 2609.570 ; gain = 32.016 ; free physical = 287 ; free virtual = 11282

Starting Power Optimization Task
INFO: [Pwropt 34-132] Skipping clock gating for clocks with a period < 2.00 ns.
Ending Power Optimization Task | Checksum: 11fb22155

Time (s): cpu = 00:00:00.01 ; elapsed = 00:00:00.01 . Memory (MB): peak = 2609.570 ; gain = 0.000 ; free physical = 287 ; free virtual = 11282

Starting Final Cleanup Task
Ending Final Cleanup Task | Checksum: 11fb22155

Time (s): cpu = 00:00:00 ; elapsed = 00:00:00 . Memory (MB): peak = 2609.570 ; gain = 0.000 ; free physical = 287 ; free virtual = 11282

Starting Netlist Obfuscation Task
Netlist sorting complete. Time (s): cpu = 00:00:00 ; elapsed = 00:00:00 . Memory (MB): peak = 2609.570 ; gain = 0.000 ; free physical = 287 ; free virtual = 11282
Ending Netlist Obfuscation Task | Checksum: 11fb22155

Time (s): cpu = 00:00:00 ; elapsed = 00:00:00 . Memory (MB): peak = 2609.570 ; gain = 0.000 ; free physical = 287 ; free virtual = 11282
INFO: [Common 17-83] Releasing license: Implementation
24 Infos, 0 Warnings, 0 Critical Warnings and 0 Errors encountered.
opt_design completed successfully
opt_design: Time (s): cpu = 00:00:08 ; elapsed = 00:00:08 . Memory (MB): peak = 2609.570 ; gain = 868.492 ; free physical = 287 ; free virtual = 11282
INFO: [runtcl-4] Executing : report_drc -file uart_alu_top_drc_opted.rpt -pb uart_alu_top_drc_opted.pb -rpx uart_alu_top_drc_opted.rpx
Command: report_drc -file uart_alu_top_drc_opted.rpt -pb uart_alu_top_drc_opted.pb -rpx uart_alu_top_drc_opted.rpx
INFO: [IP_Flow 19-234] Refreshing IP repositories
INFO: [IP_Flow 19-1704] No user IP repositories specified
INFO: [IP_Flow 19-2313] Loaded Vivado IP repository '/home/bruno/Xilinx/Vivado/2023.1/data/ip'.
INFO: [DRC 23-27] Running DRC with 4 threads
INFO: [Vivado_Tcl 2-168] The results of DRC are in file /home/bruno/Documents/Facultad/5to_anio/Arquitectura_de_Computadoras/Trabajos_Practicos/Basys3_Proyects/UART/implementation/UART/UART.runs/impl_1/uart_alu_top_drc_opted.rpt.
report_drc completed successfully
INFO: [Timing 38-480] Writing timing data to binary archive.
Writing XDEF routing.
Writing XDEF routing logical nets.
Writing XDEF routing special nets.
Write XDEF Complete: Time (s): cpu = 00:00:00.06 ; elapsed = 00:00:00.03 . Memory (MB): peak = 2633.582 ; gain = 16.008 ; free physical = 280 ; free virtual = 11275
INFO: [Common 17-1381] The checkpoint '/home/bruno/Documents/Facultad/5to_anio/Arquitectura_de_Computadoras/Trabajos_Practicos/Basys3_Proyects/UART/implementation/UART/UART.runs/impl_1/uart_alu_top_opt.dcp' has been generated.
Command: place_design
Attempting to get a license for feature 'Implementation' and/or device 'xc7a35t'
INFO: [Common 17-349] Got license for feature 'Implementation' and/or device 'xc7a35t'
INFO: [DRC 23-27] Running DRC with 4 threads
INFO: [Vivado_Tcl 4-198] DRC finished with 0 Errors
INFO: [Vivado_Tcl 4-199] Please refer to the DRC report (report_drc) for more information.
Running DRC as a precondition to command place_design
INFO: [DRC 23-27] Running DRC with 4 threads
INFO: [Vivado_Tcl 4-198] DRC finished with 0 Errors
INFO: [Vivado_Tcl 4-199] Please refer to the DRC report (report_drc) for more information.

Starting Placer Task
INFO: [Place 30-611] Multithreading enabled for place_design using a maximum of 4 CPUs

Phase 1 Placer Initialization

Phase 1.1 Placer Initialization Netlist Sorting
Netlist sorting complete. Time (s): cpu = 00:00:00 ; elapsed = 00:00:00 . Memory (MB): peak = 2633.582 ; gain = 0.000 ; free physical = 273 ; free virtual = 11268
Phase 1.1 Placer Initialization Netlist Sorting | Checksum: 9da5faed

Time (s): cpu = 00:00:00.01 ; elapsed = 00:00:00 . Memory (MB): peak = 2633.582 ; gain = 0.000 ; free physical = 273 ; free virtual = 11268
Netlist sorting complete. Time (s): cpu = 00:00:00 ; elapsed = 00:00:00 . Memory (MB): peak = 2633.582 ; gain = 0.000 ; free physical = 273 ; free virtual = 11268

Phase 1.2 IO Placement/ Clock Placement/ Build Placer Device
INFO: [Timing 38-35] Done setting XDC timing constraints.
Phase 1.2 IO Placement/ Clock Placement/ Build Placer Device | Checksum: 12e65adbb

Time (s): cpu = 00:00:00.36 ; elapsed = 00:00:00.19 . Memory (MB): peak = 2633.582 ; gain = 0.000 ; free physical = 253 ; free virtual = 11248

Phase 1.3 Build Placer Netlist Model
Phase 1.3 Build Placer Netlist Model | Checksum: 132e260a0

Time (s): cpu = 00:00:00.57 ; elapsed = 00:00:00.29 . Memory (MB): peak = 2633.582 ; gain = 0.000 ; free physical = 258 ; free virtual = 11253

Phase 1.4 Constrain Clocks/Macros
Phase 1.4 Constrain Clocks/Macros | Checksum: 132e260a0

Time (s): cpu = 00:00:00.58 ; elapsed = 00:00:00.3 . Memory (MB): peak = 2633.582 ; gain = 0.000 ; free physical = 258 ; free virtual = 11253
Phase 1 Placer Initialization | Checksum: 132e260a0

Time (s): cpu = 00:00:00.58 ; elapsed = 00:00:00.3 . Memory (MB): peak = 2633.582 ; gain = 0.000 ; free physical = 258 ; free virtual = 11253

Phase 2 Global Placement

Phase 2.1 Floorplanning
Phase 2.1 Floorplanning | Checksum: 1c384412c

Time (s): cpu = 00:00:00.68 ; elapsed = 00:00:00.33 . Memory (MB): peak = 2633.582 ; gain = 0.000 ; free physical = 258 ; free virtual = 11253

Phase 2.2 Update Timing before SLR Path Opt
Phase 2.2 Update Timing before SLR Path Opt | Checksum: 15c3bef59

Time (s): cpu = 00:00:00.74 ; elapsed = 00:00:00.35 . Memory (MB): peak = 2633.582 ; gain = 0.000 ; free physical = 258 ; free virtual = 11253

Phase 2.3 Post-Processing in Floorplanning
Phase 2.3 Post-Processing in Floorplanning | Checksum: 15c3bef59

Time (s): cpu = 00:00:00.75 ; elapsed = 00:00:00.35 . Memory (MB): peak = 2633.582 ; gain = 0.000 ; free physical = 258 ; free virtual = 11253

Phase 2.4 Global Placement Core

Phase 2.4.1 UpdateTiming Before Physical Synthesis
Phase 2.4.1 UpdateTiming Before Physical Synthesis | Checksum: 1a24db4eb

Time (s): cpu = 00:00:03 ; elapsed = 00:00:01 . Memory (MB): peak = 2633.582 ; gain = 0.000 ; free physical = 257 ; free virtual = 11252

Phase 2.4.2 Physical Synthesis In Placer
INFO: [Physopt 32-1035] Found 2 LUTNM shape to break, 0 LUT instances to create LUTNM shape
INFO: [Physopt 32-1044] Break lutnm for timing: one critical 0, two critical 2, total 2, new lutff created 0
INFO: [Physopt 32-1138] End 1 Pass. Optimized 2 nets or LUTs. Breaked 2 LUTs, combined 0 existing LUT and moved 0 existing LUT
INFO: [Physopt 32-65] No nets found for high-fanout optimization.
INFO: [Physopt 32-232] Optimized 0 net. Created 0 new instance.
INFO: [Physopt 32-775] End 1 Pass. Optimized 0 net or cell. Created 0 new cell, deleted 0 existing cell and moved 0 existing cell
INFO: [Physopt 32-456] No candidate cells for DSP register optimization found in the design.
INFO: [Physopt 32-775] End 2 Pass. Optimized 0 net or cell. Created 0 new cell, deleted 0 existing cell and moved 0 existing cell
INFO: [Physopt 32-1123] No candidate cells found for Shift Register to Pipeline optimization
INFO: [Physopt 32-775] End 2 Pass. Optimized 0 net or cell. Created 0 new cell, deleted 0 existing cell and moved 0 existing cell
INFO: [Physopt 32-677] No candidate cells for Shift Register optimization found in the design
INFO: [Physopt 32-775] End 1 Pass. Optimized 0 net or cell. Created 0 new cell, deleted 0 existing cell and moved 0 existing cell
INFO: [Physopt 32-526] No candidate cells for BRAM register optimization found in the design
INFO: [Physopt 32-775] End 1 Pass. Optimized 0 net or cell. Created 0 new cell, deleted 0 existing cell and moved 0 existing cell
INFO: [Physopt 32-846] No candidate cells for URAM register optimization found in the design
INFO: [Physopt 32-775] End 1 Pass. Optimized 0 net or cell. Created 0 new cell, deleted 0 existing cell and moved 0 existing cell
INFO: [Physopt 32-846] No candidate cells for URAM register optimization found in the design
INFO: [Physopt 32-775] End 1 Pass. Optimized 0 net or cell. Created 0 new cell, deleted 0 existing cell and moved 0 existing cell
INFO: [Physopt 32-949] No candidate nets found for dynamic/static region interface net replication
INFO: [Physopt 32-775] End 1 Pass. Optimized 0 net or cell. Created 0 new cell, deleted 0 existing cell and moved 0 existing cell
Netlist sorting complete. Time (s): cpu = 00:00:00 ; elapsed = 00:00:00 . Memory (MB): peak = 2633.582 ; gain = 0.000 ; free physical = 257 ; free virtual = 11252

Summary of Physical Synthesis Optimizations
============================================


-----------------------------------------------------------------------------------------------------------------------------------------------------------
|  Optimization                                     |  Added Cells  |  Removed Cells  |  Optimized Cells/Nets  |  Dont Touch  |  Iterations  |  Elapsed   |
-----------------------------------------------------------------------------------------------------------------------------------------------------------
|  LUT Combining                                    |            2  |              0  |                     2  |           0  |           1  |  00:00:00  |
|  Retime                                           |            0  |              0  |                     0  |           0  |           1  |  00:00:00  |
|  Very High Fanout                                 |            0  |              0  |                     0  |           0  |           1  |  00:00:00  |
|  DSP Register                                     |            0  |              0  |                     0  |           0  |           1  |  00:00:00  |
|  Shift Register to Pipeline                       |            0  |              0  |                     0  |           0  |           1  |  00:00:00  |
|  Shift Register                                   |            0  |              0  |                     0  |           0  |           1  |  00:00:00  |
|  BRAM Register                                    |            0  |              0  |                     0  |           0  |           1  |  00:00:00  |
|  URAM Register                                    |            0  |              0  |                     0  |           0  |           1  |  00:00:00  |
|  Dynamic/Static Region Interface Net Replication  |            0  |              0  |                     0  |           0  |           1  |  00:00:00  |
|  Total                                            |            2  |              0  |                     2  |           0  |           9  |  00:00:00  |
-----------------------------------------------------------------------------------------------------------------------------------------------------------


Phase 2.4.2 Physical Synthesis In Placer | Checksum: 234da52d4

Time (s): cpu = 00:00:04 ; elapsed = 00:00:02 . Memory (MB): peak = 2633.582 ; gain = 0.000 ; free physical = 257 ; free virtual = 11252
Phase 2.4 Global Placement Core | Checksum: 1e4dec7e1

Time (s): cpu = 00:00:04 ; elapsed = 00:00:02 . Memory (MB): peak = 2633.582 ; gain = 0.000 ; free physical = 257 ; free virtual = 11252
Phase 2 Global Placement | Checksum: 1e4dec7e1

Time (s): cpu = 00:00:04 ; elapsed = 00:00:02 . Memory (MB): peak = 2633.582 ; gain = 0.000 ; free physical = 257 ; free virtual = 11252

Phase 3 Detail Placement

Phase 3.1 Commit Multi Column Macros
Phase 3.1 Commit Multi Column Macros | Checksum: 227550e79

Time (s): cpu = 00:00:04 ; elapsed = 00:00:02 . Memory (MB): peak = 2633.582 ; gain = 0.000 ; free physical = 257 ; free virtual = 11252

Phase 3.2 Commit Most Macros & LUTRAMs
Phase 3.2 Commit Most Macros & LUTRAMs | Checksum: fcf9996e

Time (s): cpu = 00:00:04 ; elapsed = 00:00:02 . Memory (MB): peak = 2633.582 ; gain = 0.000 ; free physical = 257 ; free virtual = 11252

Phase 3.3 Area Swap Optimization
Phase 3.3 Area Swap Optimization | Checksum: 18ce673cb

Time (s): cpu = 00:00:04 ; elapsed = 00:00:02 . Memory (MB): peak = 2633.582 ; gain = 0.000 ; free physical = 257 ; free virtual = 11252

Phase 3.4 Pipeline Register Optimization
Phase 3.4 Pipeline Register Optimization | Checksum: 13c5640d9

Time (s): cpu = 00:00:04 ; elapsed = 00:00:02 . Memory (MB): peak = 2633.582 ; gain = 0.000 ; free physical = 257 ; free virtual = 11252

Phase 3.5 Fast Optimization
Phase 3.5 Fast Optimization | Checksum: 1c8f6efb8

Time (s): cpu = 00:00:04 ; elapsed = 00:00:02 . Memory (MB): peak = 2633.582 ; gain = 0.000 ; free physical = 257 ; free virtual = 11252

Phase 3.6 Small Shape Detail Placement
Phase 3.6 Small Shape Detail Placement | Checksum: 18afeba0e

Time (s): cpu = 00:00:05 ; elapsed = 00:00:02 . Memory (MB): peak = 2633.582 ; gain = 0.000 ; free physical = 257 ; free virtual = 11252

Phase 3.7 Re-assign LUT pins
Phase 3.7 Re-assign LUT pins | Checksum: af6e2baa

Time (s): cpu = 00:00:05 ; elapsed = 00:00:02 . Memory (MB): peak = 2633.582 ; gain = 0.000 ; free physical = 257 ; free virtual = 11252

Phase 3.8 Pipeline Register Optimization
Phase 3.8 Pipeline Register Optimization | Checksum: af6e2baa

Time (s): cpu = 00:00:05 ; elapsed = 00:00:02 . Memory (MB): peak = 2633.582 ; gain = 0.000 ; free physical = 257 ; free virtual = 11252

Phase 3.9 Fast Optimization
Phase 3.9 Fast Optimization | Checksum: 225cb7525

Time (s): cpu = 00:00:06 ; elapsed = 00:00:04 . Memory (MB): peak = 2633.582 ; gain = 0.000 ; free physical = 254 ; free virtual = 11249
Phase 3 Detail Placement | Checksum: 225cb7525

Time (s): cpu = 00:00:06 ; elapsed = 00:00:04 . Memory (MB): peak = 2633.582 ; gain = 0.000 ; free physical = 254 ; free virtual = 11249

Phase 4 Post Placement Optimization and Clean-Up

Phase 4.1 Post Commit Optimization
INFO: [Timing 38-35] Done setting XDC timing constraints.

Phase 4.1.1 Post Placement Optimization
Post Placement Optimization Initialization | Checksum: 19905ae34

Phase 4.1.1.1 BUFG Insertion

Starting Physical Synthesis Task

Phase 1 Physical Synthesis Initialization
INFO: [Physopt 32-721] Multithreading enabled for phys_opt_design using a maximum of 4 CPUs
INFO: [Physopt 32-619] Estimated Timing Summary | WNS=-1.620 | TNS=-152.575 |
Phase 1 Physical Synthesis Initialization | Checksum: 1b6e60d12

Time (s): cpu = 00:00:00.03 ; elapsed = 00:00:00.01 . Memory (MB): peak = 2633.582 ; gain = 0.000 ; free physical = 254 ; free virtual = 11249
INFO: [Place 46-56] BUFG insertion identified 0 candidate nets. Inserted BUFG: 0, Replicated BUFG Driver: 0, Skipped due to Placement/Routing Conflicts: 0, Skipped due to Timing Degradation: 0, Skipped due to netlist editing failed: 0.
Ending Physical Synthesis Task | Checksum: 1b6e60d12

Time (s): cpu = 00:00:00.03 ; elapsed = 00:00:00.02 . Memory (MB): peak = 2633.582 ; gain = 0.000 ; free physical = 254 ; free virtual = 11249
Phase 4.1.1.1 BUFG Insertion | Checksum: 19905ae34

Time (s): cpu = 00:00:06 ; elapsed = 00:00:04 . Memory (MB): peak = 2633.582 ; gain = 0.000 ; free physical = 254 ; free virtual = 11249

Phase 4.1.1.2 Post Placement Timing Optimization
INFO: [Place 30-746] Post Placement Timing Summary WNS=-1.345. For the most accurate timing information please run report_timing.
Phase 4.1.1.2 Post Placement Timing Optimization | Checksum: 1d03aad98

Time (s): cpu = 00:00:17 ; elapsed = 00:00:15 . Memory (MB): peak = 2633.582 ; gain = 0.000 ; free physical = 270 ; free virtual = 11263

Time (s): cpu = 00:00:17 ; elapsed = 00:00:15 . Memory (MB): peak = 2633.582 ; gain = 0.000 ; free physical = 270 ; free virtual = 11263
Phase 4.1 Post Commit Optimization | Checksum: 1d03aad98

Time (s): cpu = 00:00:17 ; elapsed = 00:00:15 . Memory (MB): peak = 2633.582 ; gain = 0.000 ; free physical = 270 ; free virtual = 11263

Phase 4.2 Post Placement Cleanup
Phase 4.2 Post Placement Cleanup | Checksum: 1d03aad98

Time (s): cpu = 00:00:17 ; elapsed = 00:00:15 . Memory (MB): peak = 2633.582 ; gain = 0.000 ; free physical = 270 ; free virtual = 11263

Phase 4.3 Placer Reporting

Phase 4.3.1 Print Estimated Congestion
INFO: [Place 30-612] Post-Placement Estimated Congestion 
 ____________________________________________________
|           | Global Congestion | Short Congestion  |
| Direction | Region Size       | Region Size       |
|___________|___________________|___________________|
|      North|                1x1|                1x1|
|___________|___________________|___________________|
|      South|                1x1|                1x1|
|___________|___________________|___________________|
|       East|                1x1|                1x1|
|___________|___________________|___________________|
|       West|                1x1|                1x1|
|___________|___________________|___________________|

Phase 4.3.1 Print Estimated Congestion | Checksum: 1d03aad98

Time (s): cpu = 00:00:17 ; elapsed = 00:00:15 . Memory (MB): peak = 2633.582 ; gain = 0.000 ; free physical = 270 ; free virtual = 11263
Phase 4.3 Placer Reporting | Checksum: 1d03aad98

Time (s): cpu = 00:00:17 ; elapsed = 00:00:15 . Memory (MB): peak = 2633.582 ; gain = 0.000 ; free physical = 270 ; free virtual = 11263

Phase 4.4 Final Placement Cleanup
Netlist sorting complete. Time (s): cpu = 00:00:00 ; elapsed = 00:00:00 . Memory (MB): peak = 2633.582 ; gain = 0.000 ; free physical = 270 ; free virtual = 11263

Time (s): cpu = 00:00:17 ; elapsed = 00:00:15 . Memory (MB): peak = 2633.582 ; gain = 0.000 ; free physical = 270 ; free virtual = 11263
Phase 4 Post Placement Optimization and Clean-Up | Checksum: 2164da073

Time (s): cpu = 00:00:17 ; elapsed = 00:00:15 . Memory (MB): peak = 2633.582 ; gain = 0.000 ; free physical = 270 ; free virtual = 11263
Ending Placer Task | Checksum: 1c89649b2

Time (s): cpu = 00:00:17 ; elapsed = 00:00:15 . Memory (MB): peak = 2633.582 ; gain = 0.000 ; free physical = 270 ; free virtual = 11263
INFO: [Common 17-83] Releasing license: Implementation
68 Infos, 0 Warnings, 0 Critical Warnings and 0 Errors encountered.
place_design completed successfully
place_design: Time (s): cpu = 00:00:18 ; elapsed = 00:00:15 . Memory (MB): peak = 2633.582 ; gain = 0.000 ; free physical = 270 ; free virtual = 11263
INFO: [runtcl-4] Executing : report_io -file uart_alu_top_io_placed.rpt
report_io: Time (s): cpu = 00:00:00.09 ; elapsed = 00:00:00.14 . Memory (MB): peak = 2633.582 ; gain = 0.000 ; free physical = 272 ; free virtual = 11265
INFO: [runtcl-4] Executing : report_utilization -file uart_alu_top_utilization_placed.rpt -pb uart_alu_top_utilization_placed.pb
INFO: [runtcl-4] Executing : report_control_sets -verbose -file uart_alu_top_control_sets_placed.rpt
report_control_sets: Time (s): cpu = 00:00:00.04 ; elapsed = 00:00:00.1 . Memory (MB): peak = 2633.582 ; gain = 0.000 ; free physical = 265 ; free virtual = 11258
INFO: [Timing 38-480] Writing timing data to binary archive.
Writing XDEF routing.
Writing XDEF routing logical nets.
Writing XDEF routing special nets.
Write XDEF Complete: Time (s): cpu = 00:00:00.1 ; elapsed = 00:00:00.03 . Memory (MB): peak = 2634.586 ; gain = 1.004 ; free physical = 265 ; free virtual = 11259
INFO: [Common 17-1381] The checkpoint '/home/bruno/Documents/Facultad/5to_anio/Arquitectura_de_Computadoras/Trabajos_Practicos/Basys3_Proyects/UART/implementation/UART/UART.runs/impl_1/uart_alu_top_placed.dcp' has been generated.
Command: phys_opt_design
Attempting to get a license for feature 'Implementation' and/or device 'xc7a35t'
INFO: [Common 17-349] Got license for feature 'Implementation' and/or device 'xc7a35t'

Starting Initial Update Timing Task

Time (s): cpu = 00:00:00.06 ; elapsed = 00:00:00.06 . Memory (MB): peak = 2642.590 ; gain = 0.000 ; free physical = 258 ; free virtual = 11251
INFO: [Vivado_Tcl 4-1435] PhysOpt_Tcl_Interface Runtime Before Starting Physical Synthesis Task | CPU: 0.08s |  WALL: 0.07s
Netlist sorting complete. Time (s): cpu = 00:00:00 ; elapsed = 00:00:00 . Memory (MB): peak = 2642.590 ; gain = 0.000 ; free physical = 258 ; free virtual = 11251

Starting Physical Synthesis Task

Phase 1 Physical Synthesis Initialization
INFO: [Physopt 32-721] Multithreading enabled for phys_opt_design using a maximum of 4 CPUs
INFO: [Physopt 32-619] Estimated Timing Summary | WNS=-1.345 | TNS=-140.815 |
Phase 1 Physical Synthesis Initialization | Checksum: 2566d6d2b

Time (s): cpu = 00:00:00.18 ; elapsed = 00:00:00.11 . Memory (MB): peak = 2642.590 ; gain = 0.000 ; free physical = 258 ; free virtual = 11251
INFO: [Physopt 32-619] Estimated Timing Summary | WNS=-1.345 | TNS=-140.815 |

Phase 2 DSP Register Optimization
INFO: [Physopt 32-456] No candidate cells for DSP register optimization found in the design.
INFO: [Physopt 32-775] End 2 Pass. Optimized 0 net or cell. Created 0 new cell, deleted 0 existing cell and moved 0 existing cell
Phase 2 DSP Register Optimization | Checksum: 2566d6d2b

Time (s): cpu = 00:00:00.22 ; elapsed = 00:00:00.13 . Memory (MB): peak = 2642.590 ; gain = 0.000 ; free physical = 258 ; free virtual = 11251

Phase 3 Critical Path Optimization
INFO: [Physopt 32-619] Estimated Timing Summary | WNS=-1.345 | TNS=-140.815 |
INFO: [Physopt 32-702] Processed net uart_alu_interface_unit/result_reg[7]_0[5]. Optimizations did not improve timing on the net.
INFO: [Physopt 32-702] Processed net uart_alu_interface_unit/opcode_reg_n_0_[2]. Optimizations did not improve timing on the net.
INFO: [Physopt 32-702] Processed net uart_alu_interface_unit/result_reg[5]_i_2_n_0. Optimizations did not improve timing on the net.
INFO: [Physopt 32-608] Optimized 1 net.  Swapped 17 pins.
INFO: [Physopt 32-735] Processed net uart_alu_interface_unit/result[5]_i_5_n_0. Optimization improves timing on the net.
INFO: [Physopt 32-619] Estimated Timing Summary | WNS=-1.339 | TNS=-140.809 |
INFO: [Physopt 32-702] Processed net uart_alu_interface_unit/op_b[0]. Optimizations did not improve timing on the net.
INFO: [Physopt 32-702] Processed net uart_alu_interface_unit/result[5]_i_5_n_0. Optimizations did not improve timing on the net.
INFO: [Physopt 32-663] Processed net uart_alu_interface_unit/result[5]_i_7_n_0.  Re-placed instance uart_alu_interface_unit/result[5]_i_7
INFO: [Physopt 32-735] Processed net uart_alu_interface_unit/result[5]_i_7_n_0. Optimization improves timing on the net.
INFO: [Physopt 32-619] Estimated Timing Summary | WNS=-1.332 | TNS=-140.802 |
INFO: [Physopt 32-702] Processed net uart_alu_interface_unit/result[5]_i_7_n_0. Optimizations did not improve timing on the net.
INFO: [Physopt 32-702] Processed net uart_alu_interface_unit/alu_unit/alu_Result[5]. Optimizations did not improve timing on the net.
INFO: [Physopt 32-702] Processed net i_clk_IBUF. Optimizations did not improve timing on the net.
INFO: [Physopt 32-702] Processed net i_clk. Optimizations did not improve timing on the net.
INFO: [Physopt 32-702] Processed net uart_alu_interface_unit/result_reg[7]_0[5]. Optimizations did not improve timing on the net.
INFO: [Physopt 32-702] Processed net uart_alu_interface_unit/op_b[0]. Optimizations did not improve timing on the net.
INFO: [Physopt 32-702] Processed net uart_alu_interface_unit/result_reg[5]_i_2_n_0. Optimizations did not improve timing on the net.
INFO: [Physopt 32-702] Processed net uart_alu_interface_unit/result[5]_i_5_n_0. Optimizations did not improve timing on the net.
INFO: [Physopt 32-702] Processed net uart_alu_interface_unit/result[5]_i_7_n_0. Optimizations did not improve timing on the net.
INFO: [Physopt 32-702] Processed net uart_alu_interface_unit/alu_unit/alu_Result[5]. Optimizations did not improve timing on the net.
INFO: [Physopt 32-702] Processed net i_clk_IBUF. Optimizations did not improve timing on the net.
INFO: [Physopt 32-702] Processed net i_clk. Optimizations did not improve timing on the net.
INFO: [Physopt 32-619] Estimated Timing Summary | WNS=-1.332 | TNS=-140.802 |
Phase 3 Critical Path Optimization | Checksum: 2566d6d2b

Time (s): cpu = 00:00:02 ; elapsed = 00:00:01 . Memory (MB): peak = 2642.590 ; gain = 0.000 ; free physical = 255 ; free virtual = 11248

Phase 4 Critical Path Optimization
INFO: [Physopt 32-619] Estimated Timing Summary | WNS=-1.332 | TNS=-140.802 |
INFO: [Physopt 32-702] Processed net uart_alu_interface_unit/result_reg[7]_0[5]. Optimizations did not improve timing on the net.
INFO: [Physopt 32-81] Processed net uart_alu_interface_unit/op_b[0]. Replicated 1 times.
INFO: [Physopt 32-735] Processed net uart_alu_interface_unit/op_b[0]. Optimization improves timing on the net.
INFO: [Physopt 32-619] Estimated Timing Summary | WNS=-1.321 | TNS=-142.226 |
INFO: [Physopt 32-81] Processed net uart_alu_interface_unit/op_b[0]_repN. Replicated 1 times.
INFO: [Physopt 32-735] Processed net uart_alu_interface_unit/op_b[0]_repN. Optimization improves timing on the net.
INFO: [Physopt 32-619] Estimated Timing Summary | WNS=-1.319 | TNS=-143.690 |
INFO: [Physopt 32-702] Processed net uart_alu_interface_unit/op_b[0]_repN. Optimizations did not improve timing on the net.
INFO: [Physopt 32-702] Processed net uart_alu_interface_unit/result_reg[5]_i_2_n_0. Optimizations did not improve timing on the net.
INFO: [Physopt 32-702] Processed net uart_alu_interface_unit/result[5]_i_4_n_0. Optimizations did not improve timing on the net.
INFO: [Physopt 32-663] Processed net uart_alu_interface_unit/result[5]_i_6_n_0.  Re-placed instance uart_alu_interface_unit/result[5]_i_6
INFO: [Physopt 32-735] Processed net uart_alu_interface_unit/result[5]_i_6_n_0. Optimization improves timing on the net.
INFO: [Physopt 32-619] Estimated Timing Summary | WNS=-1.300 | TNS=-143.659 |
INFO: [Physopt 32-702] Processed net uart_alu_interface_unit/result_reg[7]_0[6]. Optimizations did not improve timing on the net.
INFO: [Physopt 32-702] Processed net uart_alu_interface_unit/opcode_reg_n_0_[2]. Optimizations did not improve timing on the net.
INFO: [Physopt 32-702] Processed net uart_alu_interface_unit/result_reg[6]_i_2_n_0. Optimizations did not improve timing on the net.
INFO: [Physopt 32-702] Processed net uart_alu_interface_unit/result[6]_i_7_n_0. Optimizations did not improve timing on the net.
INFO: [Physopt 32-702] Processed net uart_alu_interface_unit/result[6]_i_5_n_0. Optimizations did not improve timing on the net.
INFO: [Physopt 32-608] Optimized 1 net.  Swapped 6 pins.
INFO: [Physopt 32-735] Processed net uart_alu_interface_unit/alu_unit/alu_Result[6]. Optimization improves timing on the net.
INFO: [Physopt 32-619] Estimated Timing Summary | WNS=-1.288 | TNS=-143.581 |
INFO: [Physopt 32-601] Processed net uart_alu_interface_unit/op_b[1]. Net driver uart_alu_interface_unit/op2_reg[1] was replaced.
INFO: [Physopt 32-735] Processed net uart_alu_interface_unit/op_b[1]. Optimization improves timing on the net.
INFO: [Physopt 32-619] Estimated Timing Summary | WNS=-1.269 | TNS=-143.461 |
INFO: [Physopt 32-702] Processed net uart_unit/fifo_rx_unit/array_reg_reg_0_3_6_7/DPO. Optimizations did not improve timing on the net.
INFO: [Physopt 32-81] Processed net uart_unit/baud_rate_gen/r_reg[5]. Replicated 1 times.
INFO: [Physopt 32-735] Processed net uart_unit/baud_rate_gen/r_reg[5]. Optimization improves timing on the net.
INFO: [Physopt 32-619] Estimated Timing Summary | WNS=-1.256 | TNS=-143.624 |
INFO: [Physopt 32-702] Processed net uart_unit/baud_rate_gen/r_reg[5]. Optimizations did not improve timing on the net.
INFO: [Physopt 32-702] Processed net uart_unit/baud_rate_gen/r_reg_reg[5]_0. Optimizations did not improve timing on the net.
INFO: [Physopt 32-702] Processed net uart_unit/baud_rate_gen/wr_en. Optimizations did not improve timing on the net.
INFO: [Physopt 32-702] Processed net i_clk_IBUF. Optimizations did not improve timing on the net.
INFO: [Physopt 32-702] Processed net i_clk. Optimizations did not improve timing on the net.
INFO: [Physopt 32-702] Processed net uart_unit/fifo_rx_unit/array_reg_reg_0_3_6_7/DPO. Optimizations did not improve timing on the net.
INFO: [Physopt 32-702] Processed net uart_unit/baud_rate_gen/r_reg[5]. Optimizations did not improve timing on the net.
INFO: [Physopt 32-702] Processed net uart_unit/baud_rate_gen/r_reg_reg[5]_0. Optimizations did not improve timing on the net.
INFO: [Physopt 32-702] Processed net uart_unit/baud_rate_gen/wr_en. Optimizations did not improve timing on the net.
INFO: [Physopt 32-702] Processed net i_clk_IBUF. Optimizations did not improve timing on the net.
INFO: [Physopt 32-702] Processed net i_clk. Optimizations did not improve timing on the net.
INFO: [Physopt 32-619] Estimated Timing Summary | WNS=-1.256 | TNS=-143.624 |
Phase 4 Critical Path Optimization | Checksum: 2566d6d2b

Time (s): cpu = 00:00:07 ; elapsed = 00:00:04 . Memory (MB): peak = 2642.590 ; gain = 0.000 ; free physical = 247 ; free virtual = 11241
Netlist sorting complete. Time (s): cpu = 00:00:00 ; elapsed = 00:00:00.01 . Memory (MB): peak = 2642.590 ; gain = 0.000 ; free physical = 247 ; free virtual = 11241
INFO: [Physopt 32-603] Post Physical Optimization Timing Summary | WNS=-1.256 | TNS=-143.624 |

Summary of Physical Synthesis Optimizations
============================================


-------------------------------------------------------------------------------------------------------------------------------------------------------------
|  Optimization   |  WNS Gain (ns)  |  TNS Gain (ns)  |  Added Cells  |  Removed Cells  |  Optimized Cells/Nets  |  Dont Touch  |  Iterations  |  Elapsed   |
-------------------------------------------------------------------------------------------------------------------------------------------------------------
|  DSP Register   |          0.000  |          0.000  |            0  |              0  |                     0  |           0  |           1  |  00:00:00  |
|  Critical Path  |          0.089  |         -2.809  |            3  |              0  |                     8  |           0  |           2  |  00:00:03  |
|  Total          |          0.089  |         -2.809  |            3  |              0  |                     8  |           0  |           3  |  00:00:03  |
-------------------------------------------------------------------------------------------------------------------------------------------------------------


Netlist sorting complete. Time (s): cpu = 00:00:00 ; elapsed = 00:00:00 . Memory (MB): peak = 2642.590 ; gain = 0.000 ; free physical = 247 ; free virtual = 11241
Ending Physical Synthesis Task | Checksum: 1ac78bda2

Time (s): cpu = 00:00:07 ; elapsed = 00:00:04 . Memory (MB): peak = 2642.590 ; gain = 0.000 ; free physical = 247 ; free virtual = 11241
INFO: [Common 17-83] Releasing license: Implementation
148 Infos, 0 Warnings, 0 Critical Warnings and 0 Errors encountered.
phys_opt_design completed successfully
INFO: [Timing 38-480] Writing timing data to binary archive.
Writing XDEF routing.
Writing XDEF routing logical nets.
Writing XDEF routing special nets.
Write XDEF Complete: Time (s): cpu = 00:00:00.12 ; elapsed = 00:00:00.04 . Memory (MB): peak = 2652.430 ; gain = 9.840 ; free physical = 261 ; free virtual = 11250
INFO: [Common 17-1381] The checkpoint '/home/bruno/Documents/Facultad/5to_anio/Arquitectura_de_Computadoras/Trabajos_Practicos/Basys3_Proyects/UART/implementation/UART/UART.runs/impl_1/uart_alu_top_physopt.dcp' has been generated.
Command: route_design
Attempting to get a license for feature 'Implementation' and/or device 'xc7a35t'
INFO: [Common 17-349] Got license for feature 'Implementation' and/or device 'xc7a35t'
INFO: [DRC 23-27] Running DRC with 4 threads
INFO: [Vivado_Tcl 4-198] DRC finished with 0 Errors
INFO: [Vivado_Tcl 4-199] Please refer to the DRC report (report_drc) for more information.
Running DRC as a precondition to command route_design
INFO: [DRC 23-27] Running DRC with 4 threads
INFO: [Vivado_Tcl 4-198] DRC finished with 0 Errors
INFO: [Vivado_Tcl 4-199] Please refer to the DRC report (report_drc) for more information.


Starting Routing Task
INFO: [Route 35-254] Multithreading enabled for route_design using a maximum of 4 CPUs

Phase 1 Build RT Design
Checksum: PlaceDB: 85bbbe40 ConstDB: 0 ShapeSum: e46bddc0 RouteDB: 0
Post Restoration Checksum: NetGraph: f2612077 | NumContArr: c58e11b3 | Constraints: 190a55ad | Timing: 0
Phase 1 Build RT Design | Checksum: 1d0f987d7

Time (s): cpu = 00:00:16 ; elapsed = 00:00:14 . Memory (MB): peak = 2736.121 ; gain = 68.980 ; free physical = 205 ; free virtual = 11159

Phase 2 Router Initialization

Phase 2.1 Fix Topology Constraints
Phase 2.1 Fix Topology Constraints | Checksum: 1d0f987d7

Time (s): cpu = 00:00:16 ; elapsed = 00:00:14 . Memory (MB): peak = 2736.121 ; gain = 68.980 ; free physical = 205 ; free virtual = 11159

Phase 2.2 Pre Route Cleanup
Phase 2.2 Pre Route Cleanup | Checksum: 1d0f987d7

Time (s): cpu = 00:00:16 ; elapsed = 00:00:14 . Memory (MB): peak = 2736.121 ; gain = 68.980 ; free physical = 205 ; free virtual = 11159
 Number of Nodes with overlaps = 0

Phase 2.3 Update Timing
Phase 2.3 Update Timing | Checksum: 1dcf24e5d

Time (s): cpu = 00:00:16 ; elapsed = 00:00:14 . Memory (MB): peak = 2744.121 ; gain = 76.980 ; free physical = 205 ; free virtual = 11155
INFO: [Route 35-416] Intermediate Timing Summary | WNS=-1.253 | TNS=-142.772| WHS=-0.215 | THS=-14.771|


Router Utilization Summary
  Global Vertical Routing Utilization    = 0 %
  Global Horizontal Routing Utilization  = 0 %
  Routable Net Status*
  *Does not include unroutable nets such as driverless and loadless.
  Run report_route_status for detailed report.
  Number of Failed Nets               = 194
    (Failed Nets is the sum of unrouted and partially routed nets)
  Number of Unrouted Nets             = 194
  Number of Partially Routed Nets     = 0
  Number of Node Overlaps             = 0

Phase 2 Router Initialization | Checksum: 17b8643bb

Time (s): cpu = 00:00:17 ; elapsed = 00:00:14 . Memory (MB): peak = 2746.121 ; gain = 78.980 ; free physical = 203 ; free virtual = 11152

Phase 3 Initial Routing

Phase 3.1 Global Routing
Phase 3.1 Global Routing | Checksum: 17b8643bb

Time (s): cpu = 00:00:17 ; elapsed = 00:00:14 . Memory (MB): peak = 2746.121 ; gain = 78.980 ; free physical = 203 ; free virtual = 11152
Phase 3 Initial Routing | Checksum: 785698ea

Time (s): cpu = 00:00:17 ; elapsed = 00:00:14 . Memory (MB): peak = 2746.121 ; gain = 78.980 ; free physical = 203 ; free virtual = 11152
INFO: [Route 35-580] Design has 129 pins with tight setup and hold constraints.

The top 5 pins with tight setup and hold constraints:

+====================+===================+==========================================================+
| Launch Setup Clock | Launch Hold Clock | Pin                                                      |
+====================+===================+==========================================================+
| sys_clk_pin        | sys_clk_pin       | uart_unit/uart_rx_unit/FSM_sequential_state_reg_reg[1]/D |
| sys_clk_pin        | sys_clk_pin       | uart_alu_interface_unit/result_reg[3]/D                  |
| sys_clk_pin        | sys_clk_pin       | uart_unit/uart_rx_unit/n_reg_reg[0]/D                    |
| sys_clk_pin        | sys_clk_pin       | uart_unit/uart_tx_unit/n_reg_reg[1]/D                    |
| sys_clk_pin        | sys_clk_pin       | uart_unit/uart_rx_unit/FSM_sequential_state_reg_reg[0]/D |
+--------------------+-------------------+----------------------------------------------------------+

File with complete list of pins: tight_setup_hold_pins.txt


Phase 4 Rip-up And Reroute

Phase 4.1 Global Iteration 0
 Number of Nodes with overlaps = 104
 Number of Nodes with overlaps = 52
 Number of Nodes with overlaps = 28
 Number of Nodes with overlaps = 14
 Number of Nodes with overlaps = 9
 Number of Nodes with overlaps = 7
 Number of Nodes with overlaps = 3
 Number of Nodes with overlaps = 3
 Number of Nodes with overlaps = 0
INFO: [Route 35-416] Intermediate Timing Summary | WNS=-1.404 | TNS=-170.687| WHS=N/A    | THS=N/A    |

Phase 4.1 Global Iteration 0 | Checksum: 1dd86c1dc

Time (s): cpu = 00:00:18 ; elapsed = 00:00:15 . Memory (MB): peak = 2746.121 ; gain = 78.980 ; free physical = 201 ; free virtual = 11151

Phase 4.2 Global Iteration 1
 Number of Nodes with overlaps = 82
 Number of Nodes with overlaps = 61
 Number of Nodes with overlaps = 26
 Number of Nodes with overlaps = 15
 Number of Nodes with overlaps = 8
 Number of Nodes with overlaps = 11
 Number of Nodes with overlaps = 7
 Number of Nodes with overlaps = 3
 Number of Nodes with overlaps = 1
 Number of Nodes with overlaps = 1
 Number of Nodes with overlaps = 0
INFO: [Route 35-416] Intermediate Timing Summary | WNS=-1.513 | TNS=-183.774| WHS=N/A    | THS=N/A    |

Phase 4.2 Global Iteration 1 | Checksum: 2424a621a

Time (s): cpu = 00:00:19 ; elapsed = 00:00:16 . Memory (MB): peak = 2746.121 ; gain = 78.980 ; free physical = 201 ; free virtual = 11144
Phase 4 Rip-up And Reroute | Checksum: 2424a621a

Time (s): cpu = 00:00:19 ; elapsed = 00:00:16 . Memory (MB): peak = 2746.121 ; gain = 78.980 ; free physical = 201 ; free virtual = 11144

Phase 5 Delay and Skew Optimization

Phase 5.1 Delay CleanUp

Phase 5.1.1 Update Timing
Phase 5.1.1 Update Timing | Checksum: 1e7a8a375

Time (s): cpu = 00:00:19 ; elapsed = 00:00:16 . Memory (MB): peak = 2746.121 ; gain = 78.980 ; free physical = 201 ; free virtual = 11144
INFO: [Route 35-416] Intermediate Timing Summary | WNS=-1.346 | TNS=-155.470| WHS=N/A    | THS=N/A    |

 Number of Nodes with overlaps = 0
Phase 5.1 Delay CleanUp | Checksum: 2008d27e3

Time (s): cpu = 00:00:20 ; elapsed = 00:00:16 . Memory (MB): peak = 2746.121 ; gain = 78.980 ; free physical = 201 ; free virtual = 11144

Phase 5.2 Clock Skew Optimization
Phase 5.2 Clock Skew Optimization | Checksum: 2008d27e3

Time (s): cpu = 00:00:20 ; elapsed = 00:00:16 . Memory (MB): peak = 2746.121 ; gain = 78.980 ; free physical = 201 ; free virtual = 11144
Phase 5 Delay and Skew Optimization | Checksum: 2008d27e3

Time (s): cpu = 00:00:20 ; elapsed = 00:00:16 . Memory (MB): peak = 2746.121 ; gain = 78.980 ; free physical = 201 ; free virtual = 11144

Phase 6 Post Hold Fix

Phase 6.1 Hold Fix Iter

Phase 6.1.1 Update Timing
Phase 6.1.1 Update Timing | Checksum: 24b70353f

Time (s): cpu = 00:00:20 ; elapsed = 00:00:16 . Memory (MB): peak = 2746.121 ; gain = 78.980 ; free physical = 201 ; free virtual = 11144
INFO: [Route 35-416] Intermediate Timing Summary | WNS=-1.338 | TNS=-155.190| WHS=0.108  | THS=0.000  |

Phase 6.1 Hold Fix Iter | Checksum: 24b70353f

Time (s): cpu = 00:00:20 ; elapsed = 00:00:16 . Memory (MB): peak = 2746.121 ; gain = 78.980 ; free physical = 201 ; free virtual = 11144
Phase 6 Post Hold Fix | Checksum: 24b70353f

Time (s): cpu = 00:00:20 ; elapsed = 00:00:16 . Memory (MB): peak = 2746.121 ; gain = 78.980 ; free physical = 201 ; free virtual = 11144

Phase 7 Route finalize

Router Utilization Summary
  Global Vertical Routing Utilization    = 0.083712 %
  Global Horizontal Routing Utilization  = 0.0756117 %
  Routable Net Status*
  *Does not include unroutable nets such as driverless and loadless.
  Run report_route_status for detailed report.
  Number of Failed Nets               = 0
    (Failed Nets is the sum of unrouted and partially routed nets)
  Number of Unrouted Nets             = 0
  Number of Partially Routed Nets     = 0
  Number of Node Overlaps             = 0


--GLOBAL Congestion:
Utilization threshold used for congestion level computation: 0.85
Congestion Report
North Dir 1x1 Area, Max Cong = 17.1171%, No Congested Regions.
South Dir 1x1 Area, Max Cong = 47.7477%, No Congested Regions.
East Dir 1x1 Area, Max Cong = 32.3529%, No Congested Regions.
West Dir 1x1 Area, Max Cong = 26.4706%, No Congested Regions.

------------------------------
Reporting congestion hotspots
------------------------------
Direction: North
----------------
Congested clusters found at Level 0
Effective congestion level: 0 Aspect Ratio: 1 Sparse Ratio: 0
Direction: South
----------------
Congested clusters found at Level 0
Effective congestion level: 0 Aspect Ratio: 1 Sparse Ratio: 0
Direction: East
----------------
Congested clusters found at Level 0
Effective congestion level: 0 Aspect Ratio: 1 Sparse Ratio: 0
Direction: West
----------------
Congested clusters found at Level 0
Effective congestion level: 0 Aspect Ratio: 1 Sparse Ratio: 0

Phase 7 Route finalize | Checksum: 20b627ddb

Time (s): cpu = 00:00:20 ; elapsed = 00:00:16 . Memory (MB): peak = 2746.121 ; gain = 78.980 ; free physical = 200 ; free virtual = 11144

Phase 8 Verifying routed nets

 Verification completed successfully
Phase 8 Verifying routed nets | Checksum: 20b627ddb

Time (s): cpu = 00:00:20 ; elapsed = 00:00:16 . Memory (MB): peak = 2746.121 ; gain = 78.980 ; free physical = 200 ; free virtual = 11144

Phase 9 Depositing Routes
Phase 9 Depositing Routes | Checksum: 208646451

Time (s): cpu = 00:00:20 ; elapsed = 00:00:16 . Memory (MB): peak = 2746.121 ; gain = 78.980 ; free physical = 200 ; free virtual = 11143

Phase 10 Post Router Timing
INFO: [Route 35-57] Estimated Timing Summary | WNS=-1.338 | TNS=-155.190| WHS=0.108  | THS=0.000  |

WARNING: [Route 35-328] Router estimated timing not met.
Resolution: For a complete and accurate timing signoff, report_timing_summary must be run after route_design. Alternatively, route_design can be run with the -timing_summary option to enable a complete timing signoff at the end of route_design.
Phase 10 Post Router Timing | Checksum: 208646451

Time (s): cpu = 00:00:20 ; elapsed = 00:00:16 . Memory (MB): peak = 2746.121 ; gain = 78.980 ; free physical = 200 ; free virtual = 11143
INFO: [Route 35-16] Router Completed Successfully

Phase 11 Post-Route Event Processing
Phase 11 Post-Route Event Processing | Checksum: 1d47ab1fc

Time (s): cpu = 00:00:20 ; elapsed = 00:00:16 . Memory (MB): peak = 2746.121 ; gain = 78.980 ; free physical = 200 ; free virtual = 11143

Time (s): cpu = 00:00:20 ; elapsed = 00:00:16 . Memory (MB): peak = 2746.121 ; gain = 78.980 ; free physical = 200 ; free virtual = 11143

Routing Is Done.
INFO: [Common 17-83] Releasing license: Implementation
167 Infos, 1 Warnings, 0 Critical Warnings and 0 Errors encountered.
route_design completed successfully
route_design: Time (s): cpu = 00:00:21 ; elapsed = 00:00:17 . Memory (MB): peak = 2746.121 ; gain = 85.688 ; free physical = 200 ; free virtual = 11143
INFO: [runtcl-4] Executing : report_drc -file uart_alu_top_drc_routed.rpt -pb uart_alu_top_drc_routed.pb -rpx uart_alu_top_drc_routed.rpx
Command: report_drc -file uart_alu_top_drc_routed.rpt -pb uart_alu_top_drc_routed.pb -rpx uart_alu_top_drc_routed.rpx
INFO: [IP_Flow 19-1839] IP Catalog is up to date.
INFO: [DRC 23-27] Running DRC with 4 threads
INFO: [Vivado_Tcl 2-168] The results of DRC are in file /home/bruno/Documents/Facultad/5to_anio/Arquitectura_de_Computadoras/Trabajos_Practicos/Basys3_Proyects/UART/implementation/UART/UART.runs/impl_1/uart_alu_top_drc_routed.rpt.
report_drc completed successfully
INFO: [runtcl-4] Executing : report_methodology -file uart_alu_top_methodology_drc_routed.rpt -pb uart_alu_top_methodology_drc_routed.pb -rpx uart_alu_top_methodology_drc_routed.rpx
Command: report_methodology -file uart_alu_top_methodology_drc_routed.rpt -pb uart_alu_top_methodology_drc_routed.pb -rpx uart_alu_top_methodology_drc_routed.rpx
INFO: [Timing 38-35] Done setting XDC timing constraints.
INFO: [DRC 23-133] Running Methodology with 4 threads
INFO: [Vivado_Tcl 2-1520] The results of Report Methodology are in file /home/bruno/Documents/Facultad/5to_anio/Arquitectura_de_Computadoras/Trabajos_Practicos/Basys3_Proyects/UART/implementation/UART/UART.runs/impl_1/uart_alu_top_methodology_drc_routed.rpt.
report_methodology completed successfully
INFO: [runtcl-4] Executing : report_power -file uart_alu_top_power_routed.rpt -pb uart_alu_top_power_summary_routed.pb -rpx uart_alu_top_power_routed.rpx
Command: report_power -file uart_alu_top_power_routed.rpt -pb uart_alu_top_power_summary_routed.pb -rpx uart_alu_top_power_routed.rpx
INFO: [Timing 38-35] Done setting XDC timing constraints.
Running Vector-less Activity Propagation...

Finished Running Vector-less Activity Propagation
177 Infos, 1 Warnings, 0 Critical Warnings and 0 Errors encountered.
report_power completed successfully
INFO: [runtcl-4] Executing : report_route_status -file uart_alu_top_route_status.rpt -pb uart_alu_top_route_status.pb
INFO: [runtcl-4] Executing : report_timing_summary -max_paths 10 -report_unconstrained -file uart_alu_top_timing_summary_routed.rpt -pb uart_alu_top_timing_summary_routed.pb -rpx uart_alu_top_timing_summary_routed.rpx -warn_on_violation 
INFO: [Timing 38-91] UpdateTimingParams: Speed grade: -3, Delay Type: min_max.
INFO: [Timing 38-191] Multithreading enabled for timing update using a maximum of 4 CPUs
CRITICAL WARNING: [Timing 38-282] The design failed to meet the timing requirements. Please see the timing summary report for details on the timing violations.
INFO: [runtcl-4] Executing : report_incremental_reuse -file uart_alu_top_incremental_reuse_routed.rpt
INFO: [Vivado_Tcl 4-1062] Incremental flow is disabled. No incremental reuse Info to report.
INFO: [runtcl-4] Executing : report_clock_utilization -file uart_alu_top_clock_utilization_routed.rpt
INFO: [runtcl-4] Executing : report_bus_skew -warn_on_violation -file uart_alu_top_bus_skew_routed.rpt -pb uart_alu_top_bus_skew_routed.pb -rpx uart_alu_top_bus_skew_routed.rpx
INFO: [Timing 38-91] UpdateTimingParams: Speed grade: -3, Delay Type: min_max.
INFO: [Timing 38-191] Multithreading enabled for timing update using a maximum of 4 CPUs
INFO: [Timing 38-480] Writing timing data to binary archive.
Writing XDEF routing.
Writing XDEF routing logical nets.
Writing XDEF routing special nets.
Write XDEF Complete: Time (s): cpu = 00:00:00.09 ; elapsed = 00:00:00.05 . Memory (MB): peak = 2823.762 ; gain = 0.000 ; free physical = 191 ; free virtual = 11086
INFO: [Common 17-1381] The checkpoint '/home/bruno/Documents/Facultad/5to_anio/Arquitectura_de_Computadoras/Trabajos_Practicos/Basys3_Proyects/UART/implementation/UART/UART.runs/impl_1/uart_alu_top_routed.dcp' has been generated.
INFO: [Common 17-206] Exiting Vivado at Fri Oct 13 19:00:56 2023...
