Copyright 1986-2022 Xilinx, Inc. All Rights Reserved. Copyright 2022-2023 Advanced Micro Devices, Inc. All Rights Reserved.
---------------------------------------------------------------------------------------------------------------------------------------------
| Tool Version : Vivado v.2023.1.1 (lin64) Build 3900603 Fri Jun 16 19:30:25 MDT 2023
| Date         : Fri Oct 13 19:00:33 2023
| Host         : BrunoLaptop running 64-bit Ubuntu 22.04.3 LTS
| Command      : report_control_sets -verbose -file uart_alu_top_control_sets_placed.rpt
| Design       : uart_alu_top
| Device       : xc7a35t
---------------------------------------------------------------------------------------------------------------------------------------------

Control Set Information

Table of Contents
-----------------
1. Summary
2. Histogram
3. Flip-Flop Distribution
4. Detailed Control Set Information

1. Summary
----------

+----------------------------------------------------------+-------+
|                          Status                          | Count |
+----------------------------------------------------------+-------+
| Total control sets                                       |    11 |
|    Minimum number of control sets                        |    11 |
|    Addition due to synthesis replication                 |     0 |
|    Addition due to physical synthesis replication        |     0 |
| Unused register locations in slices containing registers |    12 |
+----------------------------------------------------------+-------+
* Control sets can be merged at opt_design using control_set_merge or merge_equivalent_drivers
** Run report_qor_suggestions for automated merging and remapping suggestions


2. Histogram
------------

+--------------------+-------+
|       Fanout       | Count |
+--------------------+-------+
| Total control sets |    11 |
| >= 0 to < 4        |     0 |
| >= 4 to < 6        |     2 |
| >= 6 to < 8        |     1 |
| >= 8 to < 10       |     5 |
| >= 10 to < 12      |     0 |
| >= 12 to < 14      |     2 |
| >= 14 to < 16      |     0 |
| >= 16              |     1 |
+--------------------+-------+
* Control sets can be remapped at either synth_design or opt_design


3. Flip-Flop Distribution
-------------------------

+--------------+-----------------------+------------------------+-----------------+--------------+
| Clock Enable | Synchronous Set/Reset | Asynchronous Set/Reset | Total Registers | Total Slices |
+--------------+-----------------------+------------------------+-----------------+--------------+
| No           | No                    | No                     |               0 |            0 |
| No           | No                    | Yes                    |              38 |           20 |
| No           | Yes                   | No                     |               0 |            0 |
| Yes          | No                    | No                     |               0 |            0 |
| Yes          | No                    | Yes                    |              54 |           27 |
| Yes          | Yes                   | No                     |               0 |            0 |
+--------------+-----------------------+------------------------+-----------------+--------------+


4. Detailed Control Set Information
-----------------------------------

+------------------+------------------------------------------+------------------+------------------+----------------+--------------+
|   Clock Signal   |               Enable Signal              | Set/Reset Signal | Slice Load Count | Bel Load Count | Bels / Slice |
+------------------+------------------------------------------+------------------+------------------+----------------+--------------+
|  i_clk_IBUF_BUFG | uart_unit/uart_rx_unit/s_next            | i_reset_IBUF     |                1 |              4 |         4.00 |
|  i_clk_IBUF_BUFG | uart_unit/uart_tx_unit/s_next            | i_reset_IBUF     |                2 |              4 |         2.00 |
|  i_clk_IBUF_BUFG | uart_alu_interface_unit/opcode_next      | i_reset_IBUF     |                2 |              6 |         3.00 |
|  i_clk_IBUF_BUFG | uart_unit/uart_rx_unit/b_next            | i_reset_IBUF     |                1 |              8 |         8.00 |
|  i_clk_IBUF_BUFG | uart_alu_interface_unit/wr_uart_reg_next | i_reset_IBUF     |                8 |              8 |         1.00 |
|  i_clk_IBUF_BUFG | uart_alu_interface_unit/op1_next         | i_reset_IBUF     |                5 |              8 |         1.60 |
|  i_clk_IBUF_BUFG | uart_alu_interface_unit/op2_next         | i_reset_IBUF     |                5 |              8 |         1.60 |
|  i_clk_IBUF_BUFG | uart_unit/uart_tx_unit/b_next_0          | i_reset_IBUF     |                3 |              8 |         2.67 |
|  i_clk_IBUF_BUFG | uart_alu_interface_unit/wr_en__0         |                  |                2 |             12 |         6.00 |
|  i_clk_IBUF_BUFG | uart_unit/baud_rate_gen/wr_en            |                  |                2 |             12 |         6.00 |
|  i_clk_IBUF_BUFG |                                          | i_reset_IBUF     |               20 |             38 |         1.90 |
+------------------+------------------------------------------+------------------+------------------+----------------+--------------+


